{"name": "orders from Orders History are displayed on Orders Feed", "status": "skipped", "statusDetails": {"message": "XFAIL\n\nselenium.common.exceptions.InvalidSelectorException: Message: invalid selector: Unable to locate an element with the xpath expression //p[text()= \"#9999\" because of the following error:\nSyntaxError: Failed to execute 'evaluate' on 'Document': The string '//p[text()= \"#9999\"' is not a valid XPath expression.\n  (Session info: chrome=122.0.6261.111); For documentation on this error, please visit: https://www.selenium.dev/documentation/webdriver/troubleshooting/errors#invalid-selector-exception\nStacktrace:\n0   chromedriver                        0x000000010066c53c chromedriver + 3966268\n1   chromedriver                        0x0000000100664ac8 chromedriver + 3934920\n2   chromedriver                        0x00000001002e7da0 chromedriver + 277920\n3   chromedriver                        0x00000001002ec648 chromedriver + 296520\n4   chromedriver                        0x00000001002edfe0 chromedriver + 303072\n5   chromedriver                        0x00000001002ee078 chromedriver + 303224\n6   chromedriver                        0x000000010032a490 chromedriver + 550032\n7   chromedriver                        0x0000000100362bf0 chromedriver + 781296\n8   chromedriver                        0x000000010031efb0 chromedriver + 503728\n9   chromedriver                        0x000000010031fa28 chromedriver + 506408\n10  chromedriver                        0x0000000100631724 chromedriver + 3725092\n11  chromedriver                        0x0000000100635c18 chromedriver + 3742744\n12  chromedriver                        0x000000010061a20c chromedriver + 3629580\n13  chromedriver                        0x0000000100636714 chromedriver + 3745556\n14  chromedriver                        0x000000010060d584 chromedriver + 3577220\n15  chromedriver                        0x0000000100654f74 chromedriver + 3870580\n16  chromedriver                        0x0000000100655118 chromedriver + 3871000\n17  chromedriver                        0x0000000100664738 chromedriver + 3934008\n18  libsystem_pthread.dylib             0x0000000182ef6034 _pthread_start + 136\n19  libsystem_pthread.dylib             0x0000000182ef0e3c thread_start + 8", "trace": "self = <test_order_feed_page.TestOrderFeedPage object at 0x106375b50>\ndriver = <selenium.webdriver.chrome.webdriver.WebDriver (session=\"f14b7a79efd1d6b0a1f6ce9fc69bebb4\")>\n\n    @pytest.mark.xfail\n    @allure.title('orders from Orders History are displayed on Orders Feed')\n    def test_check_display_orders(self, driver):\n        order_feed = OrderFeedPage(driver)\n        main_functional = MainFunctionalPage(driver)\n        personal_account_page = PersonalAccountPage(driver)\n        order_feed.go_to_burger_site(Urls.URL_LOGIN)\n        personal_account_page.click_on_email_field()\n        personal_account_page.fill_email_field(Constants.TEST_EMAIL)\n        personal_account_page.click_on_password_field()\n        personal_account_page.fill_password_field(Constants.TEST_PASSWORD)\n        personal_account_page.click_on_login_button()\n        main_functional.add_ingredient_to_order()\n        main_functional.click_on_create_order_button()\n        order_number = order_feed.get_text_of_element(OrderFeedPageLocators.ORDER_NUMBER_CREATE)\n        order_feed.find_element_located_click(OrderFeedPageLocators.CROSS_BUTTON)\n        main_functional.click_on_order_feed_button()\n>       order_feed.find_element_located((By.XPATH, f'//p[text()= \"#{order_number}\"'))\n\ntests/test_order_feed_page.py:37: \n_ _ _ _ _ _ _ _ _ _ _ _ _ _ _ _ _ _ _ _ _ _ _ _ _ _ _ _ _ _ _ _ _ _ _ _ _ _ _ _ _ _ _ _ _ _ _ _ _ _ _ _ _ _ _ _ _ _ _ _ _ _ _ _ _ _ _ _ _ _ _ _ _ _ _ _ _ _ _ _ _ _ _ _\npages/base_page.py:17: in find_element_located\n    return WebDriverWait(self.driver, time).until(expected_conditions.presence_of_element_located(locator), message=f'Element not found in {locator}')\n../Documents/diplomWeb/lib/python3.12/site-packages/selenium/webdriver/support/wait.py:96: in until\n    value = method(self._driver)\n../Documents/diplomWeb/lib/python3.12/site-packages/selenium/webdriver/support/expected_conditions.py:84: in _predicate\n    return driver.find_element(*locator)\n../Documents/diplomWeb/lib/python3.12/site-packages/selenium/webdriver/remote/webdriver.py:741: in find_element\n    return self.execute(Command.FIND_ELEMENT, {\"using\": by, \"value\": value})[\"value\"]\n../Documents/diplomWeb/lib/python3.12/site-packages/selenium/webdriver/remote/webdriver.py:347: in execute\n    self.error_handler.check_response(response)\n_ _ _ _ _ _ _ _ _ _ _ _ _ _ _ _ _ _ _ _ _ _ _ _ _ _ _ _ _ _ _ _ _ _ _ _ _ _ _ _ _ _ _ _ _ _ _ _ _ _ _ _ _ _ _ _ _ _ _ _ _ _ _ _ _ _ _ _ _ _ _ _ _ _ _ _ _ _ _ _ _ _ _ _\n\nself = <selenium.webdriver.remote.errorhandler.ErrorHandler object at 0x10527b6b0>\nresponse = {'status': 400, 'value': '{\"value\":{\"error\":\"invalid selector\",\"message\":\"invalid selector: Unable to locate an elemen...000182ef6034 _pthread_start + 136\\\\n19  libsystem_pthread.dylib             0x0000000182ef0e3c thread_start + 8\\\\n\"}}'}\n\n    def check_response(self, response: Dict[str, Any]) -> None:\n        \"\"\"Checks that a JSON response from the WebDriver does not have an\n        error.\n    \n        :Args:\n         - response - The JSON response from the WebDriver server as a dictionary\n           object.\n    \n        :Raises: If the response contains an error message.\n        \"\"\"\n        status = response.get(\"status\", None)\n        if not status or status == ErrorCode.SUCCESS:\n            return\n        value = None\n        message = response.get(\"message\", \"\")\n        screen: str = response.get(\"screen\", \"\")\n        stacktrace = None\n        if isinstance(status, int):\n            value_json = response.get(\"value\", None)\n            if value_json and isinstance(value_json, str):\n                import json\n    \n                try:\n                    value = json.loads(value_json)\n                    if len(value) == 1:\n                        value = value[\"value\"]\n                    status = value.get(\"error\", None)\n                    if not status:\n                        status = value.get(\"status\", ErrorCode.UNKNOWN_ERROR)\n                        message = value.get(\"value\") or value.get(\"message\")\n                        if not isinstance(message, str):\n                            value = message\n                            message = message.get(\"message\")\n                    else:\n                        message = value.get(\"message\", None)\n                except ValueError:\n                    pass\n    \n        exception_class: Type[WebDriverException]\n        e = ErrorCode()\n        error_codes = [item for item in dir(e) if not item.startswith(\"__\")]\n        for error_code in error_codes:\n            error_info = getattr(ErrorCode, error_code)\n            if isinstance(error_info, list) and status in error_info:\n                exception_class = getattr(ExceptionMapping, error_code, WebDriverException)\n                break\n        else:\n            exception_class = WebDriverException\n    \n        if not value:\n            value = response[\"value\"]\n        if isinstance(value, str):\n            raise exception_class(value)\n        if message == \"\" and \"message\" in value:\n            message = value[\"message\"]\n    \n        screen = None  # type: ignore[assignment]\n        if \"screen\" in value:\n            screen = value[\"screen\"]\n    \n        stacktrace = None\n        st_value = value.get(\"stackTrace\") or value.get(\"stacktrace\")\n        if st_value:\n            if isinstance(st_value, str):\n                stacktrace = st_value.split(\"\\n\")\n            else:\n                stacktrace = []\n                try:\n                    for frame in st_value:\n                        line = frame.get(\"lineNumber\", \"\")\n                        file = frame.get(\"fileName\", \"<anonymous>\")\n                        if line:\n                            file = f\"{file}:{line}\"\n                        meth = frame.get(\"methodName\", \"<anonymous>\")\n                        if \"className\" in frame:\n                            meth = f\"{frame['className']}.{meth}\"\n                        msg = \"    at %s (%s)\"\n                        msg = msg % (meth, file)\n                        stacktrace.append(msg)\n                except TypeError:\n                    pass\n        if exception_class == UnexpectedAlertPresentException:\n            alert_text = None\n            if \"data\" in value:\n                alert_text = value[\"data\"].get(\"text\")\n            elif \"alert\" in value:\n                alert_text = value[\"alert\"].get(\"text\")\n            raise exception_class(message, screen, stacktrace, alert_text)  # type: ignore[call-arg]  # mypy is not smart enough here\n>       raise exception_class(message, screen, stacktrace)\nE       selenium.common.exceptions.InvalidSelectorException: Message: invalid selector: Unable to locate an element with the xpath expression //p[text()= \"#9999\" because of the following error:\nE       SyntaxError: Failed to execute 'evaluate' on 'Document': The string '//p[text()= \"#9999\"' is not a valid XPath expression.\nE         (Session info: chrome=122.0.6261.111); For documentation on this error, please visit: https://www.selenium.dev/documentation/webdriver/troubleshooting/errors#invalid-selector-exception\nE       Stacktrace:\nE       0   chromedriver                        0x000000010066c53c chromedriver + 3966268\nE       1   chromedriver                        0x0000000100664ac8 chromedriver + 3934920\nE       2   chromedriver                        0x00000001002e7da0 chromedriver + 277920\nE       3   chromedriver                        0x00000001002ec648 chromedriver + 296520\nE       4   chromedriver                        0x00000001002edfe0 chromedriver + 303072\nE       5   chromedriver                        0x00000001002ee078 chromedriver + 303224\nE       6   chromedriver                        0x000000010032a490 chromedriver + 550032\nE       7   chromedriver                        0x0000000100362bf0 chromedriver + 781296\nE       8   chromedriver                        0x000000010031efb0 chromedriver + 503728\nE       9   chromedriver                        0x000000010031fa28 chromedriver + 506408\nE       10  chromedriver                        0x0000000100631724 chromedriver + 3725092\nE       11  chromedriver                        0x0000000100635c18 chromedriver + 3742744\nE       12  chromedriver                        0x000000010061a20c chromedriver + 3629580\nE       13  chromedriver                        0x0000000100636714 chromedriver + 3745556\nE       14  chromedriver                        0x000000010060d584 chromedriver + 3577220\nE       15  chromedriver                        0x0000000100654f74 chromedriver + 3870580\nE       16  chromedriver                        0x0000000100655118 chromedriver + 3871000\nE       17  chromedriver                        0x0000000100664738 chromedriver + 3934008\nE       18  libsystem_pthread.dylib             0x0000000182ef6034 _pthread_start + 136\nE       19  libsystem_pthread.dylib             0x0000000182ef0e3c thread_start + 8\n\n../Documents/diplomWeb/lib/python3.12/site-packages/selenium/webdriver/remote/errorhandler.py:229: InvalidSelectorException"}, "steps": [{"name": "open page in browser", "status": "passed", "parameters": [{"name": "url", "value": "'https://stellarburgers.nomoreparties.site/login'"}], "start": 1709741905106, "stop": 1709741905996}, {"name": "click on email field", "status": "passed", "steps": [{"name": "click on element", "status": "passed", "parameters": [{"name": "locator", "value": "('xpath', '//input[@type =\"text\"]')"}, {"name": "time", "value": "5"}], "start": 1709741905996, "stop": 1709741906220}], "start": 1709741905996, "stop": 1709741906220}, {"name": "fill email field", "status": "passed", "steps": [{"name": "fill field", "status": "passed", "parameters": [{"name": "locator", "value": "('xpath', '//input[@type =\"text\"]')"}, {"name": "field_name", "value": "'tetstestdasha@yandex.ru'"}, {"name": "time", "value": "5"}], "start": 1709741906221, "stop": 1709741906301}], "parameters": [{"name": "email", "value": "'tetstestdasha@yandex.ru'"}], "start": 1709741906220, "stop": 1709741906301}, {"name": "click on password field", "status": "passed", "steps": [{"name": "click on element", "status": "passed", "parameters": [{"name": "locator", "value": "('xpath', '//input[@type =\"password\"]')"}, {"name": "time", "value": "5"}], "start": 1709741906301, "stop": 1709741906352}], "start": 1709741906301, "stop": 1709741906352}, {"name": "fill password field", "status": "passed", "steps": [{"name": "fill field", "status": "passed", "parameters": [{"name": "locator", "value": "('xpath', '//input[@type =\"password\"]')"}, {"name": "field_name", "value": "'2345670'"}, {"name": "time", "value": "5"}], "start": 1709741906353, "stop": 1709741906373}], "parameters": [{"name": "password", "value": "'2345670'"}], "start": 1709741906352, "stop": 1709741906373}, {"name": "click on login button", "status": "passed", "steps": [{"name": "click on element", "status": "passed", "parameters": [{"name": "locator", "value": "('xpath', '//button[text()=\"Войти\"]')"}, {"name": "time", "value": "5"}], "start": 1709741906373, "stop": 1709741906410}], "start": 1709741906373, "stop": 1709741906410}, {"name": "add ingredient to order", "status": "passed", "steps": [{"name": "drag and drop", "status": "passed", "parameters": [{"name": "locator_1", "value": "('xpath', '//p[text()=\"Соус Spicy-X\"]')"}, {"name": "locator_2", "value": "('xpath', '//span[text()=\"Перетяните булочку сюда (верх)\"]')"}], "start": 1709741906410, "stop": 1709741907500}], "start": 1709741906410, "stop": 1709741907500}, {"name": "click on create order button", "status": "passed", "steps": [{"name": "click on element", "status": "passed", "parameters": [{"name": "locator", "value": "('xpath', '//button[text()=\"Оформить заказ\"]')"}, {"name": "time", "value": "5"}], "start": 1709741907500, "stop": 1709741907538}], "start": 1709741907500, "stop": 1709741907538}, {"name": "get text of element", "status": "passed", "steps": [{"name": "find element by locator", "status": "passed", "parameters": [{"name": "locator", "value": "('xpath', \"//h2[@class='Modal_modal__title_shadow__3ikwq Modal_modal__title__2L34m text text_type_digits-large mb-8']\")"}, {"name": "time", "value": "10"}], "start": 1709741907538, "stop": 1709741907546}], "parameters": [{"name": "element", "value": "('xpath', \"//h2[@class='Modal_modal__title_shadow__3ikwq Modal_modal__title__2L34m text text_type_digits-large mb-8']\")"}], "start": 1709741907538, "stop": 1709741907554}, {"name": "click on element", "status": "passed", "parameters": [{"name": "locator", "value": "('xpath', \"//button[@class='Modal_modal__close_modified__3V5XS Modal_modal__close__TnseK']\")"}, {"name": "time", "value": "5"}], "start": 1709741907554, "stop": 1709741907817}, {"name": "click on order feed button", "status": "passed", "steps": [{"name": "click on element", "status": "passed", "parameters": [{"name": "locator", "value": "('xpath', '//p[text()=\"Лента Заказов\"]')"}, {"name": "time", "value": "5"}], "start": 1709741907817, "stop": 1709741908096}], "start": 1709741907817, "stop": 1709741908096}, {"name": "find element by locator", "status": "broken", "statusDetails": {"message": "selenium.common.exceptions.InvalidSelectorException: Message: invalid selector: Unable to locate an element with the xpath expression //p[text()= \"#9999\" because of the following error:\nSyntaxError: Failed to execute 'evaluate' on 'Document': The string '//p[text()= \"#9999\"' is not a valid XPath expression.\n  (Session info: chrome=122.0.6261.111); For documentation on this error, please visit: https://www.selenium.dev/documentation/webdriver/troubleshooting/errors#invalid-selector-exception\nStacktrace:\n0   chromedriver                        0x000000010066c53c chromedriver + 3966268\n1   chromedriver                        0x0000000100664ac8 chromedriver + 3934920\n2   chromedriver                        0x00000001002e7da0 chromedriver + 277920\n3   chromedriver                        0x00000001002ec648 chromedriver + 296520\n4   chromedriver                        0x00000001002edfe0 chromedriver + 303072\n5   chromedriver                        0x00000001002ee078 chromedriver + 303224\n6   chromedriver                        0x000000010032a490 chromedriver + 550032\n7   chromedriver                        0x0000000100362bf0 chromedriver + 781296\n8   chromedriver                        0x000000010031efb0 chromedriver + 503728\n9   chromedriver                        0x000000010031fa28 chromedriver + 506408\n10  chromedriver                        0x0000000100631724 chromedriver + 3725092\n11  chromedriver                        0x0000000100635c18 chromedriver + 3742744\n12  chromedriver                        0x000000010061a20c chromedriver + 3629580\n13  chromedriver                        0x0000000100636714 chromedriver + 3745556\n14  chromedriver                        0x000000010060d584 chromedriver + 3577220\n15  chromedriver                        0x0000000100654f74 chromedriver + 3870580\n16  chromedriver                        0x0000000100655118 chromedriver + 3871000\n17  chromedriver                        0x0000000100664738 chromedriver + 3934008\n18  libsystem_pthread.dylib             0x0000000182ef6034 _pthread_start + 136\n19  libsystem_pthread.dylib             0x0000000182ef0e3c thread_start + 8\n\n", "trace": "  File \"/Users/darapilipcuk/Documents/diplomWeb/lib/python3.12/site-packages/allure_commons/_allure.py\", line 192, in impl\n    return func(*a, **kw)\n           ^^^^^^^^^^^^^^\n  File \"/Users/darapilipcuk/diplomWeb/pages/base_page.py\", line 17, in find_element_located\n    return WebDriverWait(self.driver, time).until(expected_conditions.presence_of_element_located(locator), message=f'Element not found in {locator}')\n           ^^^^^^^^^^^^^^^^^^^^^^^^^^^^^^^^^^^^^^^^^^^^^^^^^^^^^^^^^^^^^^^^^^^^^^^^^^^^^^^^^^^^^^^^^^^^^^^^^^^^^^^^^^^^^^^^^^^^^^^^^^^^^^^^^^^^^^^^^^^\n  File \"/Users/darapilipcuk/Documents/diplomWeb/lib/python3.12/site-packages/selenium/webdriver/support/wait.py\", line 96, in until\n    value = method(self._driver)\n            ^^^^^^^^^^^^^^^^^^^^\n  File \"/Users/darapilipcuk/Documents/diplomWeb/lib/python3.12/site-packages/selenium/webdriver/support/expected_conditions.py\", line 84, in _predicate\n    return driver.find_element(*locator)\n           ^^^^^^^^^^^^^^^^^^^^^^^^^^^^^\n  File \"/Users/darapilipcuk/Documents/diplomWeb/lib/python3.12/site-packages/selenium/webdriver/remote/webdriver.py\", line 741, in find_element\n    return self.execute(Command.FIND_ELEMENT, {\"using\": by, \"value\": value})[\"value\"]\n           ^^^^^^^^^^^^^^^^^^^^^^^^^^^^^^^^^^^^^^^^^^^^^^^^^^^^^^^^^^^^^^^^^\n  File \"/Users/darapilipcuk/Documents/diplomWeb/lib/python3.12/site-packages/selenium/webdriver/remote/webdriver.py\", line 347, in execute\n    self.error_handler.check_response(response)\n  File \"/Users/darapilipcuk/Documents/diplomWeb/lib/python3.12/site-packages/selenium/webdriver/remote/errorhandler.py\", line 229, in check_response\n    raise exception_class(message, screen, stacktrace)\n"}, "parameters": [{"name": "locator", "value": "('xpath', '//p[text()= \"#9999\"')"}, {"name": "time", "value": "10"}], "start": 1709741908096, "stop": 1709741908110}], "parameters": [{"name": "driver", "value": "'Chrome'"}], "start": 1709741905106, "stop": 1709741908111, "uuid": "9373803c-1675-4758-954c-8d1e4f0cb6fa", "historyId": "fe0c49800308f1c51de9389d1f9246a5", "testCaseId": "d3f1ee6368cd5d5cfa3e781ab67abafb", "fullName": "tests.test_order_feed_page.TestOrderFeedPage#test_check_display_orders", "labels": [{"name": "tag", "value": "@pytest.mark.xfail"}, {"name": "parentSuite", "value": "tests"}, {"name": "suite", "value": "test_order_feed_page"}, {"name": "subSuite", "value": "TestOrderFeedPage"}, {"name": "host", "value": "MacBook-Pro-Dara.local"}, {"name": "thread", "value": "8306-MainThread"}, {"name": "framework", "value": "pytest"}, {"name": "language", "value": "cpython3"}, {"name": "package", "value": "tests.test_order_feed_page"}]}