{"name": "check order number in progress", "status": "skipped", "statusDetails": {"message": "XFAIL\n\nselenium.common.exceptions.TimeoutException: Message: Element not found in ('xpath', \"//ul[@class = 'OrderFeed_orderListReady__1YFem OrderFeed_orderList__cBvyi']/li[@class='text text_type_digits-default mb-2']\")\nStacktrace:\n0   chromedriver                        0x00000001013c453c chromedriver + 3966268\n1   chromedriver                        0x00000001013bcac8 chromedriver + 3934920\n2   chromedriver                        0x000000010103fda0 chromedriver + 277920\n3   chromedriver                        0x0000000101082394 chromedriver + 549780\n4   chromedriver                        0x00000001010babf0 chromedriver + 781296\n5   chromedriver                        0x0000000101076fb0 chromedriver + 503728\n6   chromedriver                        0x0000000101077a28 chromedriver + 506408\n7   chromedriver                        0x0000000101389724 chromedriver + 3725092\n8   chromedriver                        0x000000010138dc18 chromedriver + 3742744\n9   chromedriver                        0x000000010137220c chromedriver + 3629580\n10  chromedriver                        0x000000010138e714 chromedriver + 3745556\n11  chromedriver                        0x0000000101365584 chromedriver + 3577220\n12  chromedriver                        0x00000001013acf74 chromedriver + 3870580\n13  chromedriver                        0x00000001013ad118 chromedriver + 3871000\n14  chromedriver                        0x00000001013bc738 chromedriver + 3934008\n15  libsystem_pthread.dylib             0x0000000182ef6034 _pthread_start + 136\n16  libsystem_pthread.dylib             0x0000000182ef0e3c thread_start + 8", "trace": "self = <test_order_feed_page.TestOrderFeedPage object at 0x106375ca0>\ndriver = <selenium.webdriver.chrome.webdriver.WebDriver (session=\"eff189afe76af2542ad89a669539556f\")>\n\n    @pytest.mark.xfail\n    @allure.title('check order number in progress')\n    def test_check_order_number_in_progress(self, driver):\n        order_feed = OrderFeedPage(driver)\n        main_functional = MainFunctionalPage(driver)\n        personal_account_page = PersonalAccountPage(driver)\n        order_feed.go_to_burger_site(Urls.URL_LOGIN)\n        personal_account_page.click_on_email_field()\n        personal_account_page.fill_email_field(Constants.TEST_EMAIL)\n        personal_account_page.click_on_password_field()\n        personal_account_page.fill_password_field(Constants.TEST_PASSWORD)\n        personal_account_page.click_on_login_button()\n        main_functional.add_ingredient_to_order()\n        main_functional.click_on_create_order_button()\n        order_number = order_feed.get_text_of_element(OrderFeedPageLocators.ORDER_NUMBER_CREATE)\n        order_feed.find_element_located_click(OrderFeedPageLocators.CROSS_BUTTON)\n        main_functional.click_on_order_feed_button()\n>       order_number_in_progress = order_feed.get_text_of_element(OrderFeedPageLocators.ORDER_IN_PROGRESS)\n\ntests/test_order_feed_page.py:104: \n_ _ _ _ _ _ _ _ _ _ _ _ _ _ _ _ _ _ _ _ _ _ _ _ _ _ _ _ _ _ _ _ _ _ _ _ _ _ _ _ _ _ _ _ _ _ _ _ _ _ _ _ _ _ _ _ _ _ _ _ _ _ _ _ _ _ _ _ _ _ _ _ _ _ _ _ _ _ _ _ _ _ _ _\npages/base_page.py:31: in get_text_of_element\n    return self.find_element_located(element).text\npages/base_page.py:17: in find_element_located\n    return WebDriverWait(self.driver, time).until(expected_conditions.presence_of_element_located(locator), message=f'Element not found in {locator}')\n_ _ _ _ _ _ _ _ _ _ _ _ _ _ _ _ _ _ _ _ _ _ _ _ _ _ _ _ _ _ _ _ _ _ _ _ _ _ _ _ _ _ _ _ _ _ _ _ _ _ _ _ _ _ _ _ _ _ _ _ _ _ _ _ _ _ _ _ _ _ _ _ _ _ _ _ _ _ _ _ _ _ _ _\n\nself = <selenium.webdriver.support.wait.WebDriverWait (session=\"eff189afe76af2542ad89a669539556f\")>\nmethod = <function presence_of_element_located.<locals>._predicate at 0x1063f3100>\nmessage = 'Element not found in (\\'xpath\\', \"//ul[@class = \\'OrderFeed_orderListReady__1YFem OrderFeed_orderList__cBvyi\\']/li[@class=\\'text text_type_digits-default mb-2\\']\")'\n\n    def until(self, method: Callable[[D], Union[Literal[False], T]], message: str = \"\") -> T:\n        \"\"\"Calls the method provided with the driver as an argument until the \\\n        return value does not evaluate to ``False``.\n    \n        :param method: callable(WebDriver)\n        :param message: optional message for :exc:`TimeoutException`\n        :returns: the result of the last call to `method`\n        :raises: :exc:`selenium.common.exceptions.TimeoutException` if timeout occurs\n        \"\"\"\n        screen = None\n        stacktrace = None\n    \n        end_time = time.monotonic() + self._timeout\n        while True:\n            try:\n                value = method(self._driver)\n                if value:\n                    return value\n            except self._ignored_exceptions as exc:\n                screen = getattr(exc, \"screen\", None)\n                stacktrace = getattr(exc, \"stacktrace\", None)\n            time.sleep(self._poll)\n            if time.monotonic() > end_time:\n                break\n>       raise TimeoutException(message, screen, stacktrace)\nE       selenium.common.exceptions.TimeoutException: Message: Element not found in ('xpath', \"//ul[@class = 'OrderFeed_orderListReady__1YFem OrderFeed_orderList__cBvyi']/li[@class='text text_type_digits-default mb-2']\")\nE       Stacktrace:\nE       0   chromedriver                        0x00000001013c453c chromedriver + 3966268\nE       1   chromedriver                        0x00000001013bcac8 chromedriver + 3934920\nE       2   chromedriver                        0x000000010103fda0 chromedriver + 277920\nE       3   chromedriver                        0x0000000101082394 chromedriver + 549780\nE       4   chromedriver                        0x00000001010babf0 chromedriver + 781296\nE       5   chromedriver                        0x0000000101076fb0 chromedriver + 503728\nE       6   chromedriver                        0x0000000101077a28 chromedriver + 506408\nE       7   chromedriver                        0x0000000101389724 chromedriver + 3725092\nE       8   chromedriver                        0x000000010138dc18 chromedriver + 3742744\nE       9   chromedriver                        0x000000010137220c chromedriver + 3629580\nE       10  chromedriver                        0x000000010138e714 chromedriver + 3745556\nE       11  chromedriver                        0x0000000101365584 chromedriver + 3577220\nE       12  chromedriver                        0x00000001013acf74 chromedriver + 3870580\nE       13  chromedriver                        0x00000001013ad118 chromedriver + 3871000\nE       14  chromedriver                        0x00000001013bc738 chromedriver + 3934008\nE       15  libsystem_pthread.dylib             0x0000000182ef6034 _pthread_start + 136\nE       16  libsystem_pthread.dylib             0x0000000182ef0e3c thread_start + 8\n\n../Documents/diplomWeb/lib/python3.12/site-packages/selenium/webdriver/support/wait.py:105: TimeoutException"}, "steps": [{"name": "open page in browser", "status": "passed", "parameters": [{"name": "url", "value": "'https://stellarburgers.nomoreparties.site/login'"}], "start": 1709741917955, "stop": 1709741918977}, {"name": "click on email field", "status": "passed", "steps": [{"name": "click on element", "status": "passed", "parameters": [{"name": "locator", "value": "('xpath', '//input[@type =\"text\"]')"}, {"name": "time", "value": "5"}], "start": 1709741918977, "stop": 1709741919196}], "start": 1709741918977, "stop": 1709741919196}, {"name": "fill email field", "status": "passed", "steps": [{"name": "fill field", "status": "passed", "parameters": [{"name": "locator", "value": "('xpath', '//input[@type =\"text\"]')"}, {"name": "field_name", "value": "'tetstestdasha@yandex.ru'"}, {"name": "time", "value": "5"}], "start": 1709741919197, "stop": 1709741919286}], "parameters": [{"name": "email", "value": "'tetstestdasha@yandex.ru'"}], "start": 1709741919197, "stop": 1709741919286}, {"name": "click on password field", "status": "passed", "steps": [{"name": "click on element", "status": "passed", "parameters": [{"name": "locator", "value": "('xpath', '//input[@type =\"password\"]')"}, {"name": "time", "value": "5"}], "start": 1709741919286, "stop": 1709741919337}], "start": 1709741919286, "stop": 1709741919337}, {"name": "fill password field", "status": "passed", "steps": [{"name": "fill field", "status": "passed", "parameters": [{"name": "locator", "value": "('xpath', '//input[@type =\"password\"]')"}, {"name": "field_name", "value": "'2345670'"}, {"name": "time", "value": "5"}], "start": 1709741919337, "stop": 1709741919357}], "parameters": [{"name": "password", "value": "'2345670'"}], "start": 1709741919337, "stop": 1709741919357}, {"name": "click on login button", "status": "passed", "steps": [{"name": "click on element", "status": "passed", "parameters": [{"name": "locator", "value": "('xpath', '//button[text()=\"Войти\"]')"}, {"name": "time", "value": "5"}], "start": 1709741919357, "stop": 1709741919394}], "start": 1709741919357, "stop": 1709741919394}, {"name": "add ingredient to order", "status": "passed", "steps": [{"name": "drag and drop", "status": "passed", "parameters": [{"name": "locator_1", "value": "('xpath', '//p[text()=\"Соус Spicy-X\"]')"}, {"name": "locator_2", "value": "('xpath', '//span[text()=\"Перетяните булочку сюда (верх)\"]')"}], "start": 1709741919394, "stop": 1709741920491}], "start": 1709741919394, "stop": 1709741920491}, {"name": "click on create order button", "status": "passed", "steps": [{"name": "click on element", "status": "passed", "parameters": [{"name": "locator", "value": "('xpath', '//button[text()=\"Оформить заказ\"]')"}, {"name": "time", "value": "5"}], "start": 1709741920491, "stop": 1709741920529}], "start": 1709741920491, "stop": 1709741920530}, {"name": "get text of element", "status": "passed", "steps": [{"name": "find element by locator", "status": "passed", "parameters": [{"name": "locator", "value": "('xpath', \"//h2[@class='Modal_modal__title_shadow__3ikwq Modal_modal__title__2L34m text text_type_digits-large mb-8']\")"}, {"name": "time", "value": "10"}], "start": 1709741920530, "stop": 1709741920536}], "parameters": [{"name": "element", "value": "('xpath', \"//h2[@class='Modal_modal__title_shadow__3ikwq Modal_modal__title__2L34m text text_type_digits-large mb-8']\")"}], "start": 1709741920530, "stop": 1709741920544}, {"name": "click on element", "status": "passed", "parameters": [{"name": "locator", "value": "('xpath', \"//button[@class='Modal_modal__close_modified__3V5XS Modal_modal__close__TnseK']\")"}, {"name": "time", "value": "5"}], "start": 1709741920544, "stop": 1709741920816}, {"name": "click on order feed button", "status": "passed", "steps": [{"name": "click on element", "status": "passed", "parameters": [{"name": "locator", "value": "('xpath', '//p[text()=\"Лента Заказов\"]')"}, {"name": "time", "value": "5"}], "start": 1709741920816, "stop": 1709741921038}], "start": 1709741920816, "stop": 1709741921038}, {"name": "get text of element", "status": "broken", "statusDetails": {"message": "selenium.common.exceptions.TimeoutException: Message: Element not found in ('xpath', \"//ul[@class = 'OrderFeed_orderListReady__1YFem OrderFeed_orderList__cBvyi']/li[@class='text text_type_digits-default mb-2']\")\nStacktrace:\n0   chromedriver                        0x00000001013c453c chromedriver + 3966268\n1   chromedriver                        0x00000001013bcac8 chromedriver + 3934920\n2   chromedriver                        0x000000010103fda0 chromedriver + 277920\n3   chromedriver                        0x0000000101082394 chromedriver + 549780\n4   chromedriver                        0x00000001010babf0 chromedriver + 781296\n5   chromedriver                        0x0000000101076fb0 chromedriver + 503728\n6   chromedriver                        0x0000000101077a28 chromedriver + 506408\n7   chromedriver                        0x0000000101389724 chromedriver + 3725092\n8   chromedriver                        0x000000010138dc18 chromedriver + 3742744\n9   chromedriver                        0x000000010137220c chromedriver + 3629580\n10  chromedriver                        0x000000010138e714 chromedriver + 3745556\n11  chromedriver                        0x0000000101365584 chromedriver + 3577220\n12  chromedriver                        0x00000001013acf74 chromedriver + 3870580\n13  chromedriver                        0x00000001013ad118 chromedriver + 3871000\n14  chromedriver                        0x00000001013bc738 chromedriver + 3934008\n15  libsystem_pthread.dylib             0x0000000182ef6034 _pthread_start + 136\n16  libsystem_pthread.dylib             0x0000000182ef0e3c thread_start + 8\n\n", "trace": "  File \"/Users/darapilipcuk/Documents/diplomWeb/lib/python3.12/site-packages/allure_commons/_allure.py\", line 192, in impl\n    return func(*a, **kw)\n           ^^^^^^^^^^^^^^\n  File \"/Users/darapilipcuk/diplomWeb/pages/base_page.py\", line 31, in get_text_of_element\n    return self.find_element_located(element).text\n           ^^^^^^^^^^^^^^^^^^^^^^^^^^^^^^^^^^\n  File \"/Users/darapilipcuk/Documents/diplomWeb/lib/python3.12/site-packages/allure_commons/_allure.py\", line 192, in impl\n    return func(*a, **kw)\n           ^^^^^^^^^^^^^^\n  File \"/Users/darapilipcuk/diplomWeb/pages/base_page.py\", line 17, in find_element_located\n    return WebDriverWait(self.driver, time).until(expected_conditions.presence_of_element_located(locator), message=f'Element not found in {locator}')\n           ^^^^^^^^^^^^^^^^^^^^^^^^^^^^^^^^^^^^^^^^^^^^^^^^^^^^^^^^^^^^^^^^^^^^^^^^^^^^^^^^^^^^^^^^^^^^^^^^^^^^^^^^^^^^^^^^^^^^^^^^^^^^^^^^^^^^^^^^^^^\n  File \"/Users/darapilipcuk/Documents/diplomWeb/lib/python3.12/site-packages/selenium/webdriver/support/wait.py\", line 105, in until\n    raise TimeoutException(message, screen, stacktrace)\n"}, "steps": [{"name": "find element by locator", "status": "broken", "statusDetails": {"message": "selenium.common.exceptions.TimeoutException: Message: Element not found in ('xpath', \"//ul[@class = 'OrderFeed_orderListReady__1YFem OrderFeed_orderList__cBvyi']/li[@class='text text_type_digits-default mb-2']\")\nStacktrace:\n0   chromedriver                        0x00000001013c453c chromedriver + 3966268\n1   chromedriver                        0x00000001013bcac8 chromedriver + 3934920\n2   chromedriver                        0x000000010103fda0 chromedriver + 277920\n3   chromedriver                        0x0000000101082394 chromedriver + 549780\n4   chromedriver                        0x00000001010babf0 chromedriver + 781296\n5   chromedriver                        0x0000000101076fb0 chromedriver + 503728\n6   chromedriver                        0x0000000101077a28 chromedriver + 506408\n7   chromedriver                        0x0000000101389724 chromedriver + 3725092\n8   chromedriver                        0x000000010138dc18 chromedriver + 3742744\n9   chromedriver                        0x000000010137220c chromedriver + 3629580\n10  chromedriver                        0x000000010138e714 chromedriver + 3745556\n11  chromedriver                        0x0000000101365584 chromedriver + 3577220\n12  chromedriver                        0x00000001013acf74 chromedriver + 3870580\n13  chromedriver                        0x00000001013ad118 chromedriver + 3871000\n14  chromedriver                        0x00000001013bc738 chromedriver + 3934008\n15  libsystem_pthread.dylib             0x0000000182ef6034 _pthread_start + 136\n16  libsystem_pthread.dylib             0x0000000182ef0e3c thread_start + 8\n\n", "trace": "  File \"/Users/darapilipcuk/Documents/diplomWeb/lib/python3.12/site-packages/allure_commons/_allure.py\", line 192, in impl\n    return func(*a, **kw)\n           ^^^^^^^^^^^^^^\n  File \"/Users/darapilipcuk/diplomWeb/pages/base_page.py\", line 17, in find_element_located\n    return WebDriverWait(self.driver, time).until(expected_conditions.presence_of_element_located(locator), message=f'Element not found in {locator}')\n           ^^^^^^^^^^^^^^^^^^^^^^^^^^^^^^^^^^^^^^^^^^^^^^^^^^^^^^^^^^^^^^^^^^^^^^^^^^^^^^^^^^^^^^^^^^^^^^^^^^^^^^^^^^^^^^^^^^^^^^^^^^^^^^^^^^^^^^^^^^^\n  File \"/Users/darapilipcuk/Documents/diplomWeb/lib/python3.12/site-packages/selenium/webdriver/support/wait.py\", line 105, in until\n    raise TimeoutException(message, screen, stacktrace)\n"}, "parameters": [{"name": "locator", "value": "('xpath', \"//ul[@class = 'OrderFeed_orderListReady__1YFem OrderFeed_orderList__cBvyi']/li[@class='text text_type_digits-default mb-2']\")"}, {"name": "time", "value": "10"}], "start": 1709741921038, "stop": 1709741931351}], "parameters": [{"name": "element", "value": "('xpath', \"//ul[@class = 'OrderFeed_orderListReady__1YFem OrderFeed_orderList__cBvyi']/li[@class='text text_type_digits-default mb-2']\")"}], "start": 1709741921038, "stop": 1709741931352}], "parameters": [{"name": "driver", "value": "'Chrome'"}], "start": 1709741917955, "stop": 1709741931352, "uuid": "9a46be55-4f87-451b-92cc-194f78a8524a", "historyId": "bbb7b7f16bf04bc84beb1c91f9d653f4", "testCaseId": "0be7e07c62ee07fdb0fba2799d20ad3b", "fullName": "tests.test_order_feed_page.TestOrderFeedPage#test_check_order_number_in_progress", "labels": [{"name": "tag", "value": "@pytest.mark.xfail"}, {"name": "parentSuite", "value": "tests"}, {"name": "suite", "value": "test_order_feed_page"}, {"name": "subSuite", "value": "TestOrderFeedPage"}, {"name": "host", "value": "MacBook-Pro-Dara.local"}, {"name": "thread", "value": "8306-MainThread"}, {"name": "framework", "value": "pytest"}, {"name": "language", "value": "cpython3"}, {"name": "package", "value": "tests.test_order_feed_page"}]}